<?xml version="1.0" encoding="UTF-8"?>
<testsuite xmlns:xsi="http://www.w3.org/2001/XMLSchema-instance" xsi:noNamespaceSchemaLocation="https://maven.apache.org/surefire/maven-surefire-plugin/xsd/surefire-test-report-3.0.xsd" version="3.0" name="tests.LoginTests" time="19.556" tests="4" errors="0" skipped="0" failures="0">
  <properties>
[...]
</properties>
  <testcase name="login_behaviour(User, Capabilities)[1]" classname="tests.LoginTests" time="4.154">
    <system-err><![CDATA[Oct 07, 2025 6:00:48 P.M. org.openqa.selenium.remote.tracing.opentelemetry.OpenTelemetryTracer createTracer
INFO: Using OpenTelemetry for tracing
]]></system-err>
  </testcase>
  <testcase name="login_behaviour(User, Capabilities)[2]" classname="tests.LoginTests" time="5.879"/>
  <testcase name="login_behaviour(User, Capabilities)[3]" classname="tests.LoginTests" time="3.753"/>
  <testcase name="login_behaviour(User, Capabilities)[4]" classname="tests.LoginTests" time="5.673"/>
</testsuite>